2021-12-10 20:45:14 - WARNING - Python-dotenv could not parse statement starting at line 19
2021-12-10 20:45:14 - WARNING - Python-dotenv could not parse statement starting at line 21
2021-12-10 20:45:14 - WARNING - Python-dotenv could not parse statement starting at line 22
2021-12-10 20:45:14 - WARNING - Python-dotenv could not parse statement starting at line 23
2021-12-10 20:45:14 - WARNING - Python-dotenv could not parse statement starting at line 24
2021-12-10 20:45:14 - WARNING - Python-dotenv could not parse statement starting at line 25
2021-12-10 20:45:14 - WARNING - Python-dotenv could not parse statement starting at line 26
2021-12-10 20:56:34 - WARNING - "GET /dates HTTP/1.1" 404 1536
2021-12-10 20:56:50 - ERROR - SyntaxError in 0 on line 0
2021-12-10 20:56:50 - ERROR - "GET / HTTP/1.1" 500 1038965
2021-12-11 01:31:40 - ERROR - SyntaxError in 0 on line 0
2021-12-11 01:31:40 - ERROR - "GET / HTTP/1.1" 500 1039086
2021-12-11 01:32:15 - ERROR - SyntaxError in 0 on line 0
2021-12-11 01:32:15 - ERROR - "GET / HTTP/1.1" 500 1039818
2021-12-11 01:37:03 - ERROR - SyntaxError in 0 on line 0
2021-12-11 01:37:03 - ERROR - "GET /dates HTTP/1.1" 500 1039126
2021-12-11 01:37:22 - ERROR - SyntaxError in 0 on line 0
2021-12-11 01:37:22 - ERROR - "GET /dates HTTP/1.1" 500 1039003
2021-12-11 01:38:21 - ERROR - SyntaxError in 0 on line 0
2021-12-11 01:38:21 - ERROR - "GET /dates HTTP/1.1" 500 1039133
2021-12-11 01:39:18 - ERROR - SyntaxError in 0 on line 0
2021-12-11 01:39:18 - ERROR - "GET /dates HTTP/1.1" 500 1039133
2021-12-11 01:46:40 - ERROR - SyntaxError in 0 on line 0
2021-12-11 01:46:40 - ERROR - "GET / HTTP/1.1" 500 1039996
2021-12-11 01:49:17 - ERROR - AttributeError in /Users/seb/development/seir_penguin/projects/medication-app/backend/app/http/controllers/PostController.py on line 20
2021-12-11 01:49:17 - ERROR - "GET /dates HTTP/1.1" 500 1046902
2021-12-11 01:49:19 - ERROR - AttributeError in /Users/seb/development/seir_penguin/projects/medication-app/backend/app/http/controllers/PostController.py on line 20
2021-12-11 01:49:19 - ERROR - "GET /dates HTTP/1.1" 500 1046902
2021-12-11 01:50:45 - WARNING - Python-dotenv could not parse statement starting at line 19
2021-12-11 01:50:45 - WARNING - Python-dotenv could not parse statement starting at line 21
2021-12-11 01:50:45 - WARNING - Python-dotenv could not parse statement starting at line 22
2021-12-11 01:50:45 - WARNING - Python-dotenv could not parse statement starting at line 23
2021-12-11 01:50:45 - WARNING - Python-dotenv could not parse statement starting at line 24
2021-12-11 01:50:45 - WARNING - Python-dotenv could not parse statement starting at line 25
2021-12-11 01:50:45 - WARNING - Python-dotenv could not parse statement starting at line 26
2021-12-11 01:50:45 - INFO - "GET /dates HTTP/1.1" 200 2
2021-12-11 01:50:45 - INFO - "GET /favicon.ico HTTP/1.1" 304 0
2021-12-11 01:50:45 - INFO - "GET /dates HTTP/1.1" 200 2
2021-12-11 01:50:45 - INFO - "GET /dates HTTP/1.1" 200 2
2021-12-11 02:29:50 - WARNING - "POST / HTTP/1.1" 405 1554
2021-12-11 02:35:34 - WARNING - "POST / HTTP/1.1" 405 1554
2021-12-11 02:37:19 - ERROR - ContainerError in 0 on line 0
2021-12-11 02:37:19 - ERROR - "POST /dates HTTP/1.1" 500 955651
2021-12-11 03:18:25 - ERROR - ContainerError in 0 on line 0
2021-12-11 03:18:25 - ERROR - "POST /dates HTTP/1.1" 500 955651
2021-12-11 03:19:32 - ERROR - ContainerError in 0 on line 0
2021-12-11 03:19:36 - ERROR - AttributeError in /Users/seb/development/seir_penguin/projects/medication-app/backend/app/http/controllers/PostController.py on line 21
2021-12-11 03:19:36 - ERROR - "POST /dates HTTP/1.1" 500 1046161
2021-12-11 03:20:12 - ERROR - AttributeError in /Users/seb/development/seir_penguin/projects/medication-app/backend/app/http/controllers/PostController.py on line 21
2021-12-11 03:20:12 - ERROR - "POST /dates HTTP/1.1" 500 1046161
2021-12-11 03:20:29 - ERROR - AttributeError in /Users/seb/development/seir_penguin/projects/medication-app/backend/app/http/controllers/PostController.py on line 21
2021-12-11 03:20:29 - ERROR - "POST /dates HTTP/1.1" 500 1046161
2021-12-11 03:31:31 - WARNING - Python-dotenv could not parse statement starting at line 19
2021-12-11 03:31:31 - WARNING - Python-dotenv could not parse statement starting at line 21
2021-12-11 03:31:31 - WARNING - Python-dotenv could not parse statement starting at line 22
2021-12-11 03:31:31 - WARNING - Python-dotenv could not parse statement starting at line 23
2021-12-11 03:31:31 - WARNING - Python-dotenv could not parse statement starting at line 24
2021-12-11 03:31:31 - WARNING - Python-dotenv could not parse statement starting at line 25
2021-12-11 03:31:31 - WARNING - Python-dotenv could not parse statement starting at line 26
2021-12-11 03:31:33 - ERROR - ResponseError in 0 on line 0
2021-12-11 03:32:02 - WARNING - Python-dotenv could not parse statement starting at line 19
2021-12-11 03:32:02 - WARNING - Python-dotenv could not parse statement starting at line 21
2021-12-11 03:32:02 - WARNING - Python-dotenv could not parse statement starting at line 22
2021-12-11 03:32:02 - WARNING - Python-dotenv could not parse statement starting at line 23
2021-12-11 03:32:02 - WARNING - Python-dotenv could not parse statement starting at line 24
2021-12-11 03:32:02 - WARNING - Python-dotenv could not parse statement starting at line 25
2021-12-11 03:32:02 - WARNING - Python-dotenv could not parse statement starting at line 26
2021-12-11 03:32:02 - INFO - "GET /dates HTTP/1.1" 200 176
2021-12-11 03:32:02 - INFO - "GET /dates/1 HTTP/1.1" 200 176
2021-12-11 03:33:02 - WARNING - "PUT /dates/1 HTTP/1.1" 404 1536
2021-12-11 03:33:02 - WARNING - Python-dotenv could not parse statement starting at line 19
2021-12-11 03:33:02 - WARNING - Python-dotenv could not parse statement starting at line 21
2021-12-11 03:33:02 - WARNING - Python-dotenv could not parse statement starting at line 22
2021-12-11 03:33:02 - WARNING - Python-dotenv could not parse statement starting at line 23
2021-12-11 03:33:02 - WARNING - Python-dotenv could not parse statement starting at line 24
2021-12-11 03:33:02 - WARNING - Python-dotenv could not parse statement starting at line 25
2021-12-11 03:33:02 - WARNING - Python-dotenv could not parse statement starting at line 26
2021-12-11 03:33:02 - INFO - "GET /dates HTTP/1.1" 200 176
2021-12-11 03:33:02 - INFO - "GET /favicon.ico HTTP/1.1" 304 0
2021-12-11 03:33:02 - INFO - "GET /dates/1 HTTP/1.1" 200 176
2021-12-11 03:36:49 - WARNING - "PUT /dates/1 HTTP/1.1" 404 1536
2021-12-11 03:36:49 - WARNING - "PUT /dates/1 HTTP/1.1" 404 1536
2021-12-11 03:36:49 - WARNING - "PUT /dates/1 HTTP/1.1" 404 1536
2021-12-11 03:37:57 - WARNING - "PUT /dates/1 HTTP/1.1" 404 1536
2021-12-11 03:37:57 - WARNING - "PUT /dates/1 HTTP/1.1" 404 1536
2021-12-11 03:38:41 - WARNING - "POST /dates/1 HTTP/1.1" 404 1536
2021-12-11 03:39:35 - WARNING - Python-dotenv could not parse statement starting at line 19
2021-12-11 03:39:35 - WARNING - Python-dotenv could not parse statement starting at line 21
2021-12-11 03:39:35 - WARNING - Python-dotenv could not parse statement starting at line 22
2021-12-11 03:39:35 - WARNING - Python-dotenv could not parse statement starting at line 23
2021-12-11 03:39:35 - WARNING - Python-dotenv could not parse statement starting at line 24
2021-12-11 03:39:35 - WARNING - Python-dotenv could not parse statement starting at line 25
2021-12-11 03:39:35 - WARNING - Python-dotenv could not parse statement starting at line 26
2021-12-11 03:39:36 - ERROR - NameError in /Users/seb/development/seir_penguin/projects/medication-app/backend/app/http/controllers/PostController.py on line 27
2021-12-11 03:39:36 - ERROR - "POST /dates HTTP/1.1" 500 974341
2021-12-11 03:39:43 - ERROR - NameError in /Users/seb/development/seir_penguin/projects/medication-app/backend/app/http/controllers/PostController.py on line 27
2021-12-11 03:39:43 - ERROR - "POST /dates HTTP/1.1" 500 974471
2021-12-11 03:39:45 - WARNING - Python-dotenv could not parse statement starting at line 19
2021-12-11 03:39:45 - WARNING - Python-dotenv could not parse statement starting at line 21
2021-12-11 03:39:45 - WARNING - Python-dotenv could not parse statement starting at line 22
2021-12-11 03:39:45 - WARNING - Python-dotenv could not parse statement starting at line 23
2021-12-11 03:39:45 - WARNING - Python-dotenv could not parse statement starting at line 24
2021-12-11 03:39:45 - WARNING - Python-dotenv could not parse statement starting at line 25
2021-12-11 03:39:45 - WARNING - Python-dotenv could not parse statement starting at line 26
2021-12-11 03:39:45 - INFO - "POST /dates HTTP/1.1" 200 173
2021-12-11 03:39:45 - WARNING - "POST /dates/1 HTTP/1.1" 404 1536
2021-12-11 03:39:45 - INFO - "POST /dates/ HTTP/1.1" 200 171
2021-12-11 03:39:45 - WARNING - "PUT /dates/1 HTTP/1.1" 404 1536
2021-12-11 03:39:45 - INFO - "GET /dates/ HTTP/1.1" 200 874
2021-12-11 04:06:31 - ERROR - QueryException in 0 on line 0
2021-12-11 04:06:31 - ERROR - "PUT /dates/ HTTP/1.1" 500 984556
2021-12-11 04:07:57 - ERROR - ContainerError in 0 on line 0
2021-12-11 04:07:59 - WARNING - Python-dotenv could not parse statement starting at line 19
2021-12-11 04:07:59 - WARNING - Python-dotenv could not parse statement starting at line 21
2021-12-11 04:07:59 - WARNING - Python-dotenv could not parse statement starting at line 22
2021-12-11 04:07:59 - WARNING - Python-dotenv could not parse statement starting at line 23
2021-12-11 04:07:59 - WARNING - Python-dotenv could not parse statement starting at line 24
2021-12-11 04:07:59 - WARNING - Python-dotenv could not parse statement starting at line 25
2021-12-11 04:07:59 - WARNING - Python-dotenv could not parse statement starting at line 26
2021-12-11 04:07:59 - INFO - "PUT /dates/ HTTP/1.1" 200 2
2021-12-11 04:07:59 - WARNING - "PUT /dates/1 HTTP/1.1" 404 1536
2021-12-11 04:07:59 - WARNING - "PUT /dates/1 HTTP/1.1" 404 1536
2021-12-11 04:07:59 - INFO - "GET /dates/ HTTP/1.1" 200 874
2021-12-11 04:07:59 - WARNING - "PUT /dates/5 HTTP/1.1" 404 1536
2021-12-11 04:07:59 - INFO - "GET /dates/5 HTTP/1.1" 200 173
2021-12-11 04:07:59 - WARNING - "PUT /dates/5 HTTP/1.1" 404 1536
2021-12-11 04:07:59 - WARNING - "PUT /dates/5 HTTP/1.1" 404 1536
2021-12-11 04:07:59 - WARNING - "PUT /dates/5 HTTP/1.1" 404 1536
2021-12-11 04:07:59 - WARNING - "PUT /dates/5 HTTP/1.1" 404 1536
2021-12-11 04:07:59 - WARNING - "PUT /dates/5 HTTP/1.1" 404 1536
2021-12-11 04:07:59 - WARNING - "PUT /dates/5 HTTP/1.1" 404 1536
2021-12-11 04:10:35 - WARNING - Python-dotenv could not parse statement starting at line 19
2021-12-11 04:10:35 - WARNING - Python-dotenv could not parse statement starting at line 21
2021-12-11 04:10:35 - WARNING - Python-dotenv could not parse statement starting at line 22
2021-12-11 04:10:35 - WARNING - Python-dotenv could not parse statement starting at line 23
2021-12-11 04:10:35 - WARNING - Python-dotenv could not parse statement starting at line 24
2021-12-11 04:10:35 - WARNING - Python-dotenv could not parse statement starting at line 25
2021-12-11 04:10:35 - WARNING - Python-dotenv could not parse statement starting at line 26
2021-12-11 04:10:35 - INFO - "PUT /dates/5 HTTP/1.1" 200 173
2021-12-11 04:11:04 - WARNING - Python-dotenv could not parse statement starting at line 19
2021-12-11 04:11:04 - WARNING - Python-dotenv could not parse statement starting at line 21
2021-12-11 04:11:04 - WARNING - Python-dotenv could not parse statement starting at line 22
2021-12-11 04:11:04 - WARNING - Python-dotenv could not parse statement starting at line 23
2021-12-11 04:11:04 - WARNING - Python-dotenv could not parse statement starting at line 24
2021-12-11 04:11:04 - WARNING - Python-dotenv could not parse statement starting at line 25
2021-12-11 04:11:04 - WARNING - Python-dotenv could not parse statement starting at line 26
2021-12-11 04:11:04 - INFO - "DELETE /dates/5 HTTP/1.1" 200 173
2021-12-11 04:11:04 - INFO - "GET /dates/1 HTTP/1.1" 200 176
2021-12-11 04:11:04 - INFO - "GET /favicon.ico HTTP/1.1" 304 0
2021-12-11 04:11:04 - INFO - "GET /dates/ HTTP/1.1" 200 701
2021-12-11 04:11:04 - INFO - "GET /dates/ HTTP/1.1" 200 701
2021-12-11 04:11:04 - INFO - "PUT /dates/2 HTTP/1.1" 200 173
2021-12-11 04:11:04 - INFO - "GET /dates/ HTTP/1.1" 200 699
2021-12-11 04:11:04 - INFO - "PUT /dates/2 HTTP/1.1" 200 161
2021-12-11 04:11:04 - INFO - "PUT /dates/2 HTTP/1.1" 200 161
2021-12-11 04:11:04 - INFO - "GET /dates/ HTTP/1.1" 200 687
2021-12-11 05:00:12 - ERROR - SyntaxError in 0 on line 0
2021-12-11 05:00:12 - ERROR - "GET / HTTP/1.1" 500 1039996
2021-12-11 05:00:47 - WARNING - "GET / HTTP/1.1" 404 1536
2021-12-11 05:00:47 - INFO - "GET /favicon.ico HTTP/1.1" 304 0
2021-12-11 05:00:56 - ERROR - SyntaxError in 0 on line 0
2021-12-11 05:00:56 - ERROR - "GET / HTTP/1.1" 500 1040177
2021-12-11 05:03:55 - ERROR - ResponseError in 0 on line 0
2021-12-11 05:05:17 - ERROR - ResponseError in 0 on line 0
2021-12-11 05:06:00 - INFO - "GET / HTTP/1.1" 200 1219
2021-12-11 05:06:00 - INFO - "GET /static/style.css HTTP/1.1" 200 648
